<?xml version="1.0" encoding="UTF-8"?>
<coverage generated="1605827593443" clover="3.2.0">
  <project timestamp="1605827593443" name="All files">
    <metrics statements="68" coveredstatements="53" conditionals="75" coveredconditionals="38" methods="15" coveredmethods="15" elements="158" coveredelements="106" complexity="0" loc="68" ncloc="68" packages="1" files="1" classes="1"/>
    <file name="index.js" path="/Users/liyatilahun/dev/few2.1/dateLib/index.js">
      <metrics statements="68" coveredstatements="53" conditionals="75" coveredconditionals="38" methods="15" coveredmethods="15"/>
      <line num="3" count="1" type="stmt"/>
      <line num="4" count="1" type="stmt"/>
      <line num="10" count="1" type="stmt"/>
      <line num="17" count="7" type="stmt"/>
      <line num="21" count="7" type="stmt"/>
      <line num="25" count="7" type="stmt"/>
      <line num="26" count="7" type="stmt"/>
      <line num="30" count="7" type="stmt"/>
      <line num="31" count="7" type="stmt"/>
      <line num="35" count="14" type="stmt"/>
      <line num="39" count="7" type="stmt"/>
      <line num="40" count="7" type="cond" truecount="1" falsecount="1"/>
      <line num="41" count="0" type="stmt"/>
      <line num="43" count="7" type="stmt"/>
      <line num="48" count="21" type="stmt"/>
      <line num="52" count="7" type="cond" truecount="1" falsecount="1"/>
      <line num="53" count="7" type="stmt"/>
      <line num="55" count="0" type="stmt"/>
      <line num="60" count="21" type="stmt"/>
      <line num="64" count="7" type="cond" truecount="1" falsecount="1"/>
      <line num="65" count="7" type="stmt"/>
      <line num="67" count="0" type="stmt"/>
      <line num="72" count="21" type="stmt"/>
      <line num="76" count="7" type="cond" truecount="1" falsecount="1"/>
      <line num="77" count="7" type="stmt"/>
      <line num="79" count="0" type="stmt"/>
      <line num="85" count="6" type="stmt"/>
      <line num="101" count="6" type="cond" truecount="2" falsecount="0"/>
      <line num="102" count="1" type="stmt"/>
      <line num="105" count="5" type="stmt"/>
      <line num="107" count="5" type="stmt"/>
      <line num="108" count="31" type="stmt"/>
      <line num="109" count="31" type="cond" truecount="2" falsecount="0"/>
      <line num="110" count="18" type="stmt"/>
      <line num="113" count="13" type="stmt"/>
      <line num="117" count="5" type="stmt"/>
      <line num="121" count="1" type="stmt"/>
      <line num="122" count="1" type="stmt"/>
      <line num="124" count="1" type="cond" truecount="1" falsecount="1"/>
      <line num="125" count="0" type="stmt"/>
      <line num="129" count="1" type="stmt"/>
      <line num="130" count="1" type="cond" truecount="1" falsecount="1"/>
      <line num="131" count="0" type="cond" truecount="0" falsecount="2"/>
      <line num="134" count="1" type="cond" truecount="1" falsecount="1"/>
      <line num="135" count="0" type="cond" truecount="0" falsecount="2"/>
      <line num="138" count="1" type="cond" truecount="3" falsecount="1"/>
      <line num="139" count="0" type="cond" truecount="0" falsecount="2"/>
      <line num="143" count="1" type="stmt"/>
      <line num="144" count="1" type="cond" truecount="3" falsecount="1"/>
      <line num="145" count="0" type="cond" truecount="0" falsecount="2"/>
      <line num="149" count="1" type="cond" truecount="3" falsecount="1"/>
      <line num="150" count="0" type="cond" truecount="0" falsecount="2"/>
      <line num="154" count="1" type="stmt"/>
      <line num="155" count="1" type="cond" truecount="3" falsecount="1"/>
      <line num="156" count="0" type="cond" truecount="0" falsecount="2"/>
      <line num="160" count="1" type="cond" truecount="3" falsecount="1"/>
      <line num="161" count="0" type="cond" truecount="0" falsecount="2"/>
      <line num="165" count="1" type="stmt"/>
      <line num="166" count="1" type="cond" truecount="3" falsecount="1"/>
      <line num="167" count="0" type="cond" truecount="0" falsecount="2"/>
      <line num="171" count="1" type="cond" truecount="3" falsecount="1"/>
      <line num="172" count="0" type="cond" truecount="0" falsecount="2"/>
      <line num="176" count="1" type="stmt"/>
      <line num="177" count="1" type="cond" truecount="3" falsecount="1"/>
      <line num="178" count="0" type="cond" truecount="0" falsecount="2"/>
      <line num="182" count="1" type="stmt"/>
      <line num="183" count="1" type="cond" truecount="2" falsecount="2"/>
      <line num="188" count="1" type="stmt"/>
    </file>
  </project>
</coverage>
