{"/Users/liyatilahun/dev/few2.1/dateLib/index.js": {"path":"/Users/liyatilahun/dev/few2.1/dateLib/index.js","statementMap":{"0":{"start":{"line":3,"column":4},"end":{"line":3,"column":33}},"1":{"start":{"line":4,"column":4},"end":{"line":8,"column":5}},"2":{"start":{"line":10,"column":4},"end":{"line":13,"column":5}},"3":{"start":{"line":17,"column":4},"end":{"line":17,"column":34}},"4":{"start":{"line":21,"column":4},"end":{"line":21,"column":54}},"5":{"start":{"line":25,"column":23},"end":{"line":25,"column":43}},"6":{"start":{"line":26,"column":4},"end":{"line":26,"column":34}},"7":{"start":{"line":30,"column":23},"end":{"line":30,"column":43}},"8":{"start":{"line":31,"column":4},"end":{"line":31,"column":40}},"9":{"start":{"line":35,"column":4},"end":{"line":35,"column":30}},"10":{"start":{"line":39,"column":16},"end":{"line":39,"column":24}},"11":{"start":{"line":40,"column":4},"end":{"line":44,"column":5}},"12":{"start":{"line":41,"column":6},"end":{"line":41,"column":33}},"13":{"start":{"line":43,"column":6},"end":{"line":43,"column":16}},"14":{"start":{"line":48,"column":4},"end":{"line":48,"column":31}},"15":{"start":{"line":52,"column":4},"end":{"line":56,"column":5}},"16":{"start":{"line":53,"column":6},"end":{"line":53,"column":40}},"17":{"start":{"line":55,"column":6},"end":{"line":55,"column":23}},"18":{"start":{"line":60,"column":4},"end":{"line":60,"column":33}},"19":{"start":{"line":64,"column":4},"end":{"line":68,"column":5}},"20":{"start":{"line":65,"column":6},"end":{"line":65,"column":39}},"21":{"start":{"line":67,"column":6},"end":{"line":67,"column":22}},"22":{"start":{"line":72,"column":4},"end":{"line":72,"column":33}},"23":{"start":{"line":76,"column":4},"end":{"line":80,"column":5}},"24":{"start":{"line":77,"column":6},"end":{"line":77,"column":39}},"25":{"start":{"line":79,"column":6},"end":{"line":79,"column":22}},"26":{"start":{"line":85,"column":19},"end":{"line":98,"column":5}},"27":{"start":{"line":101,"column":4},"end":{"line":103,"column":5}},"28":{"start":{"line":102,"column":6},"end":{"line":102,"column":59}},"29":{"start":{"line":105,"column":17},"end":{"line":105,"column":19}},"30":{"start":{"line":107,"column":4},"end":{"line":116,"column":5}},"31":{"start":{"line":107,"column":15},"end":{"line":107,"column":16}},"32":{"start":{"line":108,"column":15},"end":{"line":108,"column":21}},"33":{"start":{"line":109,"column":6},"end":{"line":115,"column":7}},"34":{"start":{"line":110,"column":8},"end":{"line":110,"column":28}},"35":{"start":{"line":113,"column":8},"end":{"line":113,"column":20}},"36":{"start":{"line":117,"column":4},"end":{"line":117,"column":18}},"37":{"start":{"line":121,"column":17},"end":{"line":121,"column":27}},"38":{"start":{"line":122,"column":15},"end":{"line":122,"column":51}},"39":{"start":{"line":124,"column":4},"end":{"line":126,"column":5}},"40":{"start":{"line":125,"column":6},"end":{"line":125,"column":18}},"41":{"start":{"line":129,"column":4},"end":{"line":129,"column":16}},"42":{"start":{"line":130,"column":4},"end":{"line":132,"column":5}},"43":{"start":{"line":131,"column":6},"end":{"line":131,"column":63}},"44":{"start":{"line":134,"column":4},"end":{"line":136,"column":5}},"45":{"start":{"line":135,"column":6},"end":{"line":135,"column":85}},"46":{"start":{"line":138,"column":4},"end":{"line":140,"column":5}},"47":{"start":{"line":139,"column":6},"end":{"line":139,"column":57}},"48":{"start":{"line":143,"column":4},"end":{"line":143,"column":14}},"49":{"start":{"line":144,"column":4},"end":{"line":146,"column":5}},"50":{"start":{"line":145,"column":6},"end":{"line":145,"column":85}},"51":{"start":{"line":149,"column":4},"end":{"line":151,"column":5}},"52":{"start":{"line":150,"column":6},"end":{"line":150,"column":56}},"53":{"start":{"line":154,"column":4},"end":{"line":154,"column":14}},"54":{"start":{"line":155,"column":4},"end":{"line":157,"column":5}},"55":{"start":{"line":156,"column":6},"end":{"line":156,"column":83}},"56":{"start":{"line":160,"column":4},"end":{"line":162,"column":5}},"57":{"start":{"line":161,"column":6},"end":{"line":161,"column":54}},"58":{"start":{"line":165,"column":4},"end":{"line":165,"column":14}},"59":{"start":{"line":166,"column":4},"end":{"line":168,"column":5}},"60":{"start":{"line":167,"column":6},"end":{"line":167,"column":82}},"61":{"start":{"line":171,"column":4},"end":{"line":173,"column":5}},"62":{"start":{"line":172,"column":6},"end":{"line":172,"column":56}},"63":{"start":{"line":176,"column":4},"end":{"line":176,"column":14}},"64":{"start":{"line":177,"column":4},"end":{"line":179,"column":5}},"65":{"start":{"line":178,"column":6},"end":{"line":178,"column":84}},"66":{"start":{"line":182,"column":4},"end":{"line":182,"column":14}},"67":{"start":{"line":183,"column":4},"end":{"line":183,"column":116}},"68":{"start":{"line":188,"column":0},"end":{"line":188,"column":34}}},"fnMap":{"0":{"name":"(anonymous_0)","decl":{"start":{"line":2,"column":2},"end":{"line":2,"column":3}},"loc":{"start":{"line":2,"column":23},"end":{"line":14,"column":3}},"line":2},"1":{"name":"(anonymous_1)","decl":{"start":{"line":16,"column":2},"end":{"line":16,"column":3}},"loc":{"start":{"line":16,"column":13},"end":{"line":18,"column":3}},"line":16},"2":{"name":"(anonymous_2)","decl":{"start":{"line":20,"column":2},"end":{"line":20,"column":3}},"loc":{"start":{"line":20,"column":19},"end":{"line":22,"column":3}},"line":20},"3":{"name":"(anonymous_3)","decl":{"start":{"line":24,"column":2},"end":{"line":24,"column":3}},"loc":{"start":{"line":24,"column":14},"end":{"line":27,"column":3}},"line":24},"4":{"name":"(anonymous_4)","decl":{"start":{"line":29,"column":2},"end":{"line":29,"column":3}},"loc":{"start":{"line":29,"column":20},"end":{"line":32,"column":3}},"line":29},"5":{"name":"(anonymous_5)","decl":{"start":{"line":34,"column":2},"end":{"line":34,"column":3}},"loc":{"start":{"line":34,"column":12},"end":{"line":36,"column":3}},"line":34},"6":{"name":"(anonymous_6)","decl":{"start":{"line":38,"column":2},"end":{"line":38,"column":3}},"loc":{"start":{"line":38,"column":19},"end":{"line":45,"column":3}},"line":38},"7":{"name":"(anonymous_7)","decl":{"start":{"line":47,"column":2},"end":{"line":47,"column":3}},"loc":{"start":{"line":47,"column":14},"end":{"line":49,"column":3}},"line":47},"8":{"name":"(anonymous_8)","decl":{"start":{"line":51,"column":2},"end":{"line":51,"column":3}},"loc":{"start":{"line":51,"column":21},"end":{"line":57,"column":3}},"line":51},"9":{"name":"(anonymous_9)","decl":{"start":{"line":59,"column":2},"end":{"line":59,"column":3}},"loc":{"start":{"line":59,"column":13},"end":{"line":61,"column":3}},"line":59},"10":{"name":"(anonymous_10)","decl":{"start":{"line":63,"column":2},"end":{"line":63,"column":3}},"loc":{"start":{"line":63,"column":20},"end":{"line":69,"column":3}},"line":63},"11":{"name":"(anonymous_11)","decl":{"start":{"line":71,"column":2},"end":{"line":71,"column":3}},"loc":{"start":{"line":71,"column":13},"end":{"line":73,"column":3}},"line":71},"12":{"name":"(anonymous_12)","decl":{"start":{"line":75,"column":2},"end":{"line":75,"column":3}},"loc":{"start":{"line":75,"column":20},"end":{"line":81,"column":3}},"line":75},"13":{"name":"(anonymous_13)","decl":{"start":{"line":83,"column":2},"end":{"line":83,"column":3}},"loc":{"start":{"line":83,"column":19},"end":{"line":118,"column":3}},"line":83},"14":{"name":"(anonymous_14)","decl":{"start":{"line":120,"column":2},"end":{"line":120,"column":3}},"loc":{"start":{"line":120,"column":9},"end":{"line":184,"column":3}},"line":120}},"branchMap":{"0":{"loc":{"start":{"line":40,"column":4},"end":{"line":44,"column":5}},"type":"if","locations":[{"start":{"line":40,"column":4},"end":{"line":44,"column":5}},{"start":{"line":40,"column":4},"end":{"line":44,"column":5}}],"line":40},"1":{"loc":{"start":{"line":52,"column":4},"end":{"line":56,"column":5}},"type":"if","locations":[{"start":{"line":52,"column":4},"end":{"line":56,"column":5}},{"start":{"line":52,"column":4},"end":{"line":56,"column":5}}],"line":52},"2":{"loc":{"start":{"line":64,"column":4},"end":{"line":68,"column":5}},"type":"if","locations":[{"start":{"line":64,"column":4},"end":{"line":68,"column":5}},{"start":{"line":64,"column":4},"end":{"line":68,"column":5}}],"line":64},"3":{"loc":{"start":{"line":76,"column":4},"end":{"line":80,"column":5}},"type":"if","locations":[{"start":{"line":76,"column":4},"end":{"line":80,"column":5}},{"start":{"line":76,"column":4},"end":{"line":80,"column":5}}],"line":76},"4":{"loc":{"start":{"line":83,"column":9},"end":{"line":83,"column":17}},"type":"default-arg","locations":[{"start":{"line":83,"column":13},"end":{"line":83,"column":17}}],"line":83},"5":{"loc":{"start":{"line":101,"column":4},"end":{"line":103,"column":5}},"type":"if","locations":[{"start":{"line":101,"column":4},"end":{"line":103,"column":5}},{"start":{"line":101,"column":4},"end":{"line":103,"column":5}}],"line":101},"6":{"loc":{"start":{"line":109,"column":6},"end":{"line":115,"column":7}},"type":"if","locations":[{"start":{"line":109,"column":6},"end":{"line":115,"column":7}},{"start":{"line":109,"column":6},"end":{"line":115,"column":7}}],"line":109},"7":{"loc":{"start":{"line":124,"column":4},"end":{"line":126,"column":5}},"type":"if","locations":[{"start":{"line":124,"column":4},"end":{"line":126,"column":5}},{"start":{"line":124,"column":4},"end":{"line":126,"column":5}}],"line":124},"8":{"loc":{"start":{"line":130,"column":4},"end":{"line":132,"column":5}},"type":"if","locations":[{"start":{"line":130,"column":4},"end":{"line":132,"column":5}},{"start":{"line":130,"column":4},"end":{"line":132,"column":5}}],"line":130},"9":{"loc":{"start":{"line":131,"column":34},"end":{"line":131,"column":62}},"type":"cond-expr","locations":[{"start":{"line":131,"column":45},"end":{"line":131,"column":55}},{"start":{"line":131,"column":57},"end":{"line":131,"column":62}}],"line":131},"10":{"loc":{"start":{"line":134,"column":4},"end":{"line":136,"column":5}},"type":"if","locations":[{"start":{"line":134,"column":4},"end":{"line":136,"column":5}},{"start":{"line":134,"column":4},"end":{"line":136,"column":5}}],"line":134},"11":{"loc":{"start":{"line":135,"column":56},"end":{"line":135,"column":84}},"type":"cond-expr","locations":[{"start":{"line":135,"column":67},"end":{"line":135,"column":77}},{"start":{"line":135,"column":79},"end":{"line":135,"column":84}}],"line":135},"12":{"loc":{"start":{"line":138,"column":4},"end":{"line":140,"column":5}},"type":"if","locations":[{"start":{"line":138,"column":4},"end":{"line":140,"column":5}},{"start":{"line":138,"column":4},"end":{"line":140,"column":5}}],"line":138},"13":{"loc":{"start":{"line":138,"column":8},"end":{"line":138,"column":52}},"type":"binary-expr","locations":[{"start":{"line":138,"column":8},"end":{"line":138,"column":28}},{"start":{"line":138,"column":32},"end":{"line":138,"column":52}}],"line":138},"14":{"loc":{"start":{"line":139,"column":28},"end":{"line":139,"column":56}},"type":"cond-expr","locations":[{"start":{"line":139,"column":39},"end":{"line":139,"column":49}},{"start":{"line":139,"column":51},"end":{"line":139,"column":56}}],"line":139},"15":{"loc":{"start":{"line":144,"column":4},"end":{"line":146,"column":5}},"type":"if","locations":[{"start":{"line":144,"column":4},"end":{"line":146,"column":5}},{"start":{"line":144,"column":4},"end":{"line":146,"column":5}}],"line":144},"16":{"loc":{"start":{"line":144,"column":8},"end":{"line":144,"column":53}},"type":"binary-expr","locations":[{"start":{"line":144,"column":8},"end":{"line":144,"column":29}},{"start":{"line":144,"column":33},"end":{"line":144,"column":53}}],"line":144},"17":{"loc":{"start":{"line":145,"column":56},"end":{"line":145,"column":84}},"type":"cond-expr","locations":[{"start":{"line":145,"column":67},"end":{"line":145,"column":77}},{"start":{"line":145,"column":79},"end":{"line":145,"column":84}}],"line":145},"18":{"loc":{"start":{"line":149,"column":4},"end":{"line":151,"column":5}},"type":"if","locations":[{"start":{"line":149,"column":4},"end":{"line":151,"column":5}},{"start":{"line":149,"column":4},"end":{"line":151,"column":5}}],"line":149},"19":{"loc":{"start":{"line":149,"column":8},"end":{"line":149,"column":51}},"type":"binary-expr","locations":[{"start":{"line":149,"column":8},"end":{"line":149,"column":27}},{"start":{"line":149,"column":31},"end":{"line":149,"column":51}}],"line":149},"20":{"loc":{"start":{"line":150,"column":27},"end":{"line":150,"column":55}},"type":"cond-expr","locations":[{"start":{"line":150,"column":38},"end":{"line":150,"column":48}},{"start":{"line":150,"column":50},"end":{"line":150,"column":55}}],"line":150},"21":{"loc":{"start":{"line":155,"column":4},"end":{"line":157,"column":5}},"type":"if","locations":[{"start":{"line":155,"column":4},"end":{"line":157,"column":5}},{"start":{"line":155,"column":4},"end":{"line":157,"column":5}}],"line":155},"22":{"loc":{"start":{"line":155,"column":8},"end":{"line":155,"column":52}},"type":"binary-expr","locations":[{"start":{"line":155,"column":8},"end":{"line":155,"column":28}},{"start":{"line":155,"column":32},"end":{"line":155,"column":52}}],"line":155},"23":{"loc":{"start":{"line":156,"column":54},"end":{"line":156,"column":82}},"type":"cond-expr","locations":[{"start":{"line":156,"column":65},"end":{"line":156,"column":75}},{"start":{"line":156,"column":77},"end":{"line":156,"column":82}}],"line":156},"24":{"loc":{"start":{"line":160,"column":4},"end":{"line":162,"column":5}},"type":"if","locations":[{"start":{"line":160,"column":4},"end":{"line":162,"column":5}},{"start":{"line":160,"column":4},"end":{"line":162,"column":5}}],"line":160},"25":{"loc":{"start":{"line":160,"column":8},"end":{"line":160,"column":51}},"type":"binary-expr","locations":[{"start":{"line":160,"column":8},"end":{"line":160,"column":27}},{"start":{"line":160,"column":31},"end":{"line":160,"column":51}}],"line":160},"26":{"loc":{"start":{"line":161,"column":25},"end":{"line":161,"column":53}},"type":"cond-expr","locations":[{"start":{"line":161,"column":36},"end":{"line":161,"column":46}},{"start":{"line":161,"column":48},"end":{"line":161,"column":53}}],"line":161},"27":{"loc":{"start":{"line":166,"column":4},"end":{"line":168,"column":5}},"type":"if","locations":[{"start":{"line":166,"column":4},"end":{"line":168,"column":5}},{"start":{"line":166,"column":4},"end":{"line":168,"column":5}}],"line":166},"28":{"loc":{"start":{"line":166,"column":8},"end":{"line":166,"column":52}},"type":"binary-expr","locations":[{"start":{"line":166,"column":8},"end":{"line":166,"column":28}},{"start":{"line":166,"column":32},"end":{"line":166,"column":52}}],"line":166},"29":{"loc":{"start":{"line":167,"column":53},"end":{"line":167,"column":81}},"type":"cond-expr","locations":[{"start":{"line":167,"column":64},"end":{"line":167,"column":74}},{"start":{"line":167,"column":76},"end":{"line":167,"column":81}}],"line":167},"30":{"loc":{"start":{"line":171,"column":4},"end":{"line":173,"column":5}},"type":"if","locations":[{"start":{"line":171,"column":4},"end":{"line":173,"column":5}},{"start":{"line":171,"column":4},"end":{"line":173,"column":5}}],"line":171},"31":{"loc":{"start":{"line":171,"column":8},"end":{"line":171,"column":50}},"type":"binary-expr","locations":[{"start":{"line":171,"column":8},"end":{"line":171,"column":27}},{"start":{"line":171,"column":31},"end":{"line":171,"column":50}}],"line":171},"32":{"loc":{"start":{"line":172,"column":27},"end":{"line":172,"column":55}},"type":"cond-expr","locations":[{"start":{"line":172,"column":38},"end":{"line":172,"column":48}},{"start":{"line":172,"column":50},"end":{"line":172,"column":55}}],"line":172},"33":{"loc":{"start":{"line":177,"column":4},"end":{"line":179,"column":5}},"type":"if","locations":[{"start":{"line":177,"column":4},"end":{"line":179,"column":5}},{"start":{"line":177,"column":4},"end":{"line":179,"column":5}}],"line":177},"34":{"loc":{"start":{"line":177,"column":8},"end":{"line":177,"column":55}},"type":"binary-expr","locations":[{"start":{"line":177,"column":8},"end":{"line":177,"column":29}},{"start":{"line":177,"column":33},"end":{"line":177,"column":55}}],"line":177},"35":{"loc":{"start":{"line":178,"column":55},"end":{"line":178,"column":83}},"type":"cond-expr","locations":[{"start":{"line":178,"column":66},"end":{"line":178,"column":76}},{"start":{"line":178,"column":78},"end":{"line":178,"column":83}}],"line":178},"36":{"loc":{"start":{"line":183,"column":50},"end":{"line":183,"column":82}},"type":"cond-expr","locations":[{"start":{"line":183,"column":73},"end":{"line":183,"column":76}},{"start":{"line":183,"column":78},"end":{"line":183,"column":82}}],"line":183},"37":{"loc":{"start":{"line":183,"column":87},"end":{"line":183,"column":115}},"type":"cond-expr","locations":[{"start":{"line":183,"column":98},"end":{"line":183,"column":108}},{"start":{"line":183,"column":110},"end":{"line":183,"column":115}}],"line":183}},"s":{"0":1,"1":1,"2":1,"3":7,"4":7,"5":7,"6":7,"7":7,"8":7,"9":14,"10":7,"11":7,"12":0,"13":7,"14":21,"15":7,"16":7,"17":0,"18":21,"19":7,"20":7,"21":0,"22":21,"23":7,"24":7,"25":0,"26":6,"27":6,"28":1,"29":5,"30":5,"31":5,"32":31,"33":31,"34":18,"35":13,"36":5,"37":1,"38":1,"39":1,"40":0,"41":1,"42":1,"43":0,"44":1,"45":0,"46":1,"47":0,"48":1,"49":1,"50":0,"51":1,"52":0,"53":1,"54":1,"55":0,"56":1,"57":0,"58":1,"59":1,"60":0,"61":1,"62":0,"63":1,"64":1,"65":0,"66":1,"67":1,"68":1},"f":{"0":1,"1":7,"2":7,"3":7,"4":7,"5":14,"6":7,"7":21,"8":7,"9":21,"10":7,"11":21,"12":7,"13":6,"14":1},"b":{"0":[0,7],"1":[7,0],"2":[7,0],"3":[7,0],"4":[1],"5":[1,5],"6":[18,13],"7":[0,1],"8":[0,1],"9":[0,0],"10":[0,1],"11":[0,0],"12":[0,1],"13":[1,1],"14":[0,0],"15":[0,1],"16":[1,1],"17":[0,0],"18":[0,1],"19":[1,1],"20":[0,0],"21":[0,1],"22":[1,1],"23":[0,0],"24":[0,1],"25":[1,1],"26":[0,0],"27":[0,1],"28":[1,1],"29":[0,0],"30":[0,1],"31":[1,1],"32":[0,0],"33":[0,1],"34":[1,1],"35":[0,0],"36":[0,1],"37":[1,0]},"_coverageSchema":"1a1c01bbd47fc00a2c39e90264f33305004495a9","hash":"b4c5832a12fa466e07b5c5e783541a7dac82776c"}
}
