TN:
SF:index.js
FN:2,(anonymous_0)
FN:16,(anonymous_1)
FN:20,(anonymous_2)
FN:24,(anonymous_3)
FN:29,(anonymous_4)
FN:34,(anonymous_5)
FN:38,(anonymous_6)
FN:47,(anonymous_7)
FN:51,(anonymous_8)
FN:59,(anonymous_9)
FN:63,(anonymous_10)
FN:71,(anonymous_11)
FN:75,(anonymous_12)
FN:83,(anonymous_13)
FN:120,(anonymous_14)
FNF:15
FNH:15
FNDA:1,(anonymous_0)
FNDA:7,(anonymous_1)
FNDA:7,(anonymous_2)
FNDA:7,(anonymous_3)
FNDA:7,(anonymous_4)
FNDA:14,(anonymous_5)
FNDA:7,(anonymous_6)
FNDA:21,(anonymous_7)
FNDA:7,(anonymous_8)
FNDA:21,(anonymous_9)
FNDA:7,(anonymous_10)
FNDA:21,(anonymous_11)
FNDA:7,(anonymous_12)
FNDA:6,(anonymous_13)
FNDA:1,(anonymous_14)
DA:3,1
DA:4,1
DA:10,1
DA:17,7
DA:21,7
DA:25,7
DA:26,7
DA:30,7
DA:31,7
DA:35,14
DA:39,7
DA:40,7
DA:41,0
DA:43,7
DA:48,21
DA:52,7
DA:53,7
DA:55,0
DA:60,21
DA:64,7
DA:65,7
DA:67,0
DA:72,21
DA:76,7
DA:77,7
DA:79,0
DA:85,6
DA:101,6
DA:102,1
DA:105,5
DA:107,5
DA:108,31
DA:109,31
DA:110,18
DA:113,13
DA:117,5
DA:121,1
DA:122,1
DA:124,1
DA:125,0
DA:129,1
DA:130,1
DA:131,0
DA:134,1
DA:135,0
DA:138,1
DA:139,0
DA:143,1
DA:144,1
DA:145,0
DA:149,1
DA:150,0
DA:154,1
DA:155,1
DA:156,0
DA:160,1
DA:161,0
DA:165,1
DA:166,1
DA:167,0
DA:171,1
DA:172,0
DA:176,1
DA:177,1
DA:178,0
DA:182,1
DA:183,1
DA:188,1
LF:68
LH:53
BRDA:40,0,0,0
BRDA:40,0,1,7
BRDA:52,1,0,7
BRDA:52,1,1,0
BRDA:64,2,0,7
BRDA:64,2,1,0
BRDA:76,3,0,7
BRDA:76,3,1,0
BRDA:83,4,0,1
BRDA:101,5,0,1
BRDA:101,5,1,5
BRDA:109,6,0,18
BRDA:109,6,1,13
BRDA:124,7,0,0
BRDA:124,7,1,1
BRDA:130,8,0,0
BRDA:130,8,1,1
BRDA:131,9,0,0
BRDA:131,9,1,0
BRDA:134,10,0,0
BRDA:134,10,1,1
BRDA:135,11,0,0
BRDA:135,11,1,0
BRDA:138,12,0,0
BRDA:138,12,1,1
BRDA:138,13,0,1
BRDA:138,13,1,1
BRDA:139,14,0,0
BRDA:139,14,1,0
BRDA:144,15,0,0
BRDA:144,15,1,1
BRDA:144,16,0,1
BRDA:144,16,1,1
BRDA:145,17,0,0
BRDA:145,17,1,0
BRDA:149,18,0,0
BRDA:149,18,1,1
BRDA:149,19,0,1
BRDA:149,19,1,1
BRDA:150,20,0,0
BRDA:150,20,1,0
BRDA:155,21,0,0
BRDA:155,21,1,1
BRDA:155,22,0,1
BRDA:155,22,1,1
BRDA:156,23,0,0
BRDA:156,23,1,0
BRDA:160,24,0,0
BRDA:160,24,1,1
BRDA:160,25,0,1
BRDA:160,25,1,1
BRDA:161,26,0,0
BRDA:161,26,1,0
BRDA:166,27,0,0
BRDA:166,27,1,1
BRDA:166,28,0,1
BRDA:166,28,1,1
BRDA:167,29,0,0
BRDA:167,29,1,0
BRDA:171,30,0,0
BRDA:171,30,1,1
BRDA:171,31,0,1
BRDA:171,31,1,1
BRDA:172,32,0,0
BRDA:172,32,1,0
BRDA:177,33,0,0
BRDA:177,33,1,1
BRDA:177,34,0,1
BRDA:177,34,1,1
BRDA:178,35,0,0
BRDA:178,35,1,0
BRDA:183,36,0,0
BRDA:183,36,1,1
BRDA:183,37,0,1
BRDA:183,37,1,0
BRF:75
BRH:38
end_of_record
